# JRE version: Java(TM) SE Runtime Environment (8.0_101-b13) (build 1.8.0_101-b13)
# Java VM: Java HotSpot(TM) 64-Bit Server VM (25.101-b13 mixed mode windows-amd64 compressed oops)
Heap:
 PSYoungGen      total 89600K, used 65783K [0x00000000eab00000, 0x00000000f1800000, 0x0000000100000000)
  eden space 73216K, 84% used [0x00000000eab00000,0x00000000ee71ddb0,0x00000000ef280000)
  from space 16384K, 25% used [0x00000000f0280000,0x00000000f06a0000,0x00000000f1280000)
  to   space 16384K, 0% used [0x00000000ef280000,0x00000000ef280000,0x00000000f0280000)
 ParOldGen       total 62464K, used 28899K [0x00000000c0000000, 0x00000000c3d00000, 0x00000000eab00000)
  object space 62464K, 46% used [0x00000000c0000000,0x00000000c1c38f18,0x00000000c3d00000)
 Metaspace       used 55630K, capacity 56774K, committed 57088K, reserved 1099776K
  class space    used 7381K, capacity 7646K, committed 7680K, reserved 1048576K
GC Heap History (10 events):
Event: 63.859 GC heap before
{Heap before GC invocations=24 (full 3):
 PSYoungGen      total 91648K, used 11485K [0x00000000eab00000, 0x00000000f1580000, 0x0000000100000000)
  eden space 75264K, 0% used [0x00000000eab00000,0x00000000eab00000,0x00000000ef480000)
  from space 16384K, 70% used [0x00000000ef480000,0x00000000effb75e8,0x00000000f0480000)
  to   space 16896K, 0% used [0x00000000f0500000,0x00000000f0500000,0x00000000f1580000)
 ParOldGen       total 62464K, used 34831K [0x00000000c0000000, 0x00000000c3d00000, 0x00000000eab00000)
  object space 62464K, 55% used [0x00000000c0000000,0x00000000c2203fc0,0x00000000c3d00000)
 Metaspace       used 54522K, capacity 55560K, committed 55808K, reserved 1097728K
  class space    used 7353K, capacity 7640K, committed 7680K, reserved 1048576K
Event: 64.210 GC heap after
Heap after GC invocations=24 (full 3):
 PSYoungGen      total 91648K, used 0K [0x00000000eab00000, 0x00000000f1580000, 0x0000000100000000)
  eden space 75264K, 0% used [0x00000000eab00000,0x00000000eab00000,0x00000000ef480000)
  from space 16384K, 0% used [0x00000000ef480000,0x00000000ef480000,0x00000000f0480000)
  to   space 16896K, 0% used [0x00000000f0500000,0x00000000f0500000,0x00000000f1580000)
 ParOldGen       total 62464K, used 36520K [0x00000000c0000000, 0x00000000c3d00000, 0x00000000eab00000)
  object space 62464K, 58% used [0x00000000c0000000,0x00000000c23aa160,0x00000000c3d00000)
 Metaspace       used 54522K, capacity 55560K, committed 55808K, reserved 1097728K
  class space    used 7353K, capacity 7640K, committed 7680K, reserved 1048576K
}
Event: 3030.361 GC heap before
{Heap before GC invocations=25 (full 3):
 PSYoungGen      total 91648K, used 75264K [0x00000000eab00000, 0x00000000f1580000, 0x0000000100000000)
  eden space 75264K, 100% used [0x00000000eab00000,0x00000000ef480000,0x00000000ef480000)
  from space 16384K, 0% used [0x00000000ef480000,0x00000000ef480000,0x00000000f0480000)
  to   space 16896K, 0% used [0x00000000f0500000,0x00000000f0500000,0x00000000f1580000)
 ParOldGen       total 62464K, used 36520K [0x00000000c0000000, 0x00000000c3d00000, 0x00000000eab00000)
  object space 62464K, 58% used [0x00000000c0000000,0x00000000c23aa160,0x00000000c3d00000)
 Metaspace       used 55135K, capacity 56252K, committed 56320K, reserved 1097728K
  class space    used 7376K, capacity 7674K, committed 7680K, reserved 1048576K
Event: 3031.016 GC heap after
Heap after GC invocations=25 (full 3):
 PSYoungGen      total 87040K, used 5914K [0x00000000eab00000, 0x00000000f1280000, 0x0000000100000000)
  eden space 73216K, 0% used [0x00000000eab00000,0x00000000eab00000,0x00000000ef280000)
  from space 13824K, 42% used [0x00000000f0500000,0x00000000f0ac68c8,0x00000000f1280000)
  to   space 16384K, 0% used [0x00000000ef280000,0x00000000ef280000,0x00000000f0280000)
 ParOldGen       total 62464K, used 36528K [0x00000000c0000000, 0x00000000c3d00000, 0x00000000eab00000)
  object space 62464K, 58% used [0x00000000c0000000,0x00000000c23ac160,0x00000000c3d00000)
 Metaspace       used 55135K, capacity 56252K, committed 56320K, reserved 1097728K
  class space    used 7376K, capacity 7674K, committed 7680K, reserved 1048576K
}
Event: 3053.656 GC heap before
{Heap before GC invocations=26 (full 3):
 PSYoungGen      total 87040K, used 30688K [0x00000000eab00000, 0x00000000f1280000, 0x0000000100000000)
  eden space 73216K, 33% used [0x00000000eab00000,0x00000000ec331a58,0x00000000ef280000)
  from space 13824K, 42% used [0x00000000f0500000,0x00000000f0ac68c8,0x00000000f1280000)
  to   space 16384K, 0% used [0x00000000ef280000,0x00000000ef280000,0x00000000f0280000)
 ParOldGen       total 62464K, used 36528K [0x00000000c0000000, 0x00000000c3d00000, 0x00000000eab00000)
  object space 62464K, 58% used [0x00000000c0000000,0x00000000c23ac160,0x00000000c3d00000)
 Metaspace       used 55219K, capacity 56392K, committed 56576K, reserved 1097728K
  class space    used 7386K, capacity 7676K, committed 7680K, reserved 1048576K
Event: 3053.692 GC heap after
Heap after GC invocations=26 (full 3):
 PSYoungGen      total 89600K, used 3408K [0x00000000eab00000, 0x00000000f1280000, 0x0000000100000000)
  eden space 73216K, 0% used [0x00000000eab00000,0x00000000eab00000,0x00000000ef280000)
  from space 16384K, 20% used [0x00000000ef280000,0x00000000ef5d4010,0x00000000f0280000)
  to   space 16384K, 0% used [0x00000000f0280000,0x00000000f0280000,0x00000000f1280000)
 ParOldGen       total 62464K, used 36536K [0x00000000c0000000, 0x00000000c3d00000, 0x00000000eab00000)
  object space 62464K, 58% used [0x00000000c0000000,0x00000000c23ae160,0x00000000c3d00000)
 Metaspace       used 55219K, capacity 56392K, committed 56576K, reserved 1097728K
  class space    used 7386K, capacity 7676K, committed 7680K, reserved 1048576K
}
Event: 3053.692 GC heap before
{Heap before GC invocations=27 (full 4):
 PSYoungGen      total 89600K, used 3408K [0x00000000eab00000, 0x00000000f1280000, 0x0000000100000000)
  eden space 73216K, 0% used [0x00000000eab00000,0x00000000eab00000,0x00000000ef280000)
  from space 16384K, 20% used [0x00000000ef280000,0x00000000ef5d4010,0x00000000f0280000)
  to   space 16384K, 0% used [0x00000000f0280000,0x00000000f0280000,0x00000000f1280000)
 ParOldGen       total 62464K, used 36536K [0x00000000c0000000, 0x00000000c3d00000, 0x00000000eab00000)
  object space 62464K, 58% used [0x00000000c0000000,0x00000000c23ae160,0x00000000c3d00000)
 Metaspace       used 55219K, capacity 56392K, committed 56576K, reserved 1097728K
  class space    used 7386K, capacity 7676K, committed 7680K, reserved 1048576K
Event: 3054.468 GC heap after
Heap after GC invocations=27 (full 4):
 PSYoungGen      total 89600K, used 0K [0x00000000eab00000, 0x00000000f1280000, 0x0000000100000000)
  eden space 73216K, 0% used [0x00000000eab00000,0x00000000eab00000,0x00000000ef280000)
  from space 16384K, 0% used [0x00000000ef280000,0x00000000ef280000,0x00000000f0280000)
  to   space 16384K, 0% used [0x00000000f0280000,0x00000000f0280000,0x00000000f1280000)
 ParOldGen       total 62464K, used 28891K [0x00000000c0000000, 0x00000000c3d00000, 0x00000000eab00000)
  object space 62464K, 46% used [0x00000000c0000000,0x00000000c1c36f18,0x00000000c3d00000)
 Metaspace       used 54735K, capacity 55560K, committed 56576K, reserved 1097728K
  class space    used 7271K, capacity 7462K, committed 7680K, reserved 1048576K
}
Event: 3101.470 GC heap before
{Heap before GC invocations=28 (full 4):
 PSYoungGen      total 89600K, used 73216K [0x00000000eab00000, 0x00000000f1280000, 0x0000000100000000)
  eden space 73216K, 100% used [0x00000000eab00000,0x00000000ef280000,0x00000000ef280000)
  from space 16384K, 0% used [0x00000000ef280000,0x00000000ef280000,0x00000000f0280000)
  to   space 16384K, 0% used [0x00000000f0280000,0x00000000f0280000,0x00000000f1280000)
 ParOldGen       total 62464K, used 28891K [0x00000000c0000000, 0x00000000c3d00000, 0x00000000eab00000)
  object space 62464K, 46% used [0x00000000c0000000,0x00000000c1c36f18,0x00000000c3d00000)
 Metaspace       used 55233K, capacity 56278K, committed 56832K, reserved 1097728K
  class space    used 7324K, capacity 7539K, committed 7680K, reserved 1048576K
Event: 3101.515 GC heap after
Heap after GC invocations=28 (full 4):
 PSYoungGen      total 89600K, used 4224K [0x00000000eab00000, 0x00000000f1800000, 0x0000000100000000)
  eden space 73216K, 0% used [0x00000000eab00000,0x00000000eab00000,0x00000000ef280000)
  from space 16384K, 25% used [0x00000000f0280000,0x00000000f06a0000,0x00000000f1280000)
  to   space 16384K, 0% used [0x00000000ef280000,0x00000000ef280000,0x00000000f0280000)
 ParOldGen       total 62464K, used 28899K [0x00000000c0000000, 0x00000000c3d00000, 0x00000000eab00000)
  object space 62464K, 46% used [0x00000000c0000000,0x00000000c1c38f18,0x00000000c3d00000)
 Metaspace       used 55233K, capacity 56278K, committed 56832K, reserved 1097728K
  class space    used 7324K, capacity 7539K, committed 7680K, reserved 1048576K
}

